<?xml version="1.0" encoding="UTF-8"?>
<!-- Generated by org.testng.reporters.JUnitXMLReporter -->
<testsuite ignored="0" hostname="LAPTOP-2DOAJMG5" failures="1" tests="1" name="Test" time="7.785" errors="0" timestamp="2022-07-09T20:54:28 IST">
  <testcase classname="ListnerMaven.validateclass" name="validateUserID" time="0.869">
    <failure type="java.lang.AssertionError" message="did not expect [ELR321] but found [ELR321]">
      <![CDATA[java.lang.AssertionError: did not expect [ELR321] but found [ELR321]
at ListnerMaven.validateclass.validateUserID(validateclass.java:47)
at java.base/java.util.ArrayList.forEach(ArrayList.java:1541)
... Removed 32 stack frames]]>
    </failure>
  </testcase> <!-- validateUserID -->
</testsuite> <!-- Test -->
