<?xml version="1.0" encoding="UTF-8"?>
<!-- Generated by org.testng.reporters.JUnitXMLReporter -->
<testsuite ignored="6" hostname="LAPTOP-2DOAJMG5" failures="2" tests="2" name="Test(failed)" time="0.049" errors="0" timestamp="2022-06-24T14:18:04 IST">
  <testcase classname="Grupingleval.Testng1" name="a" time="0.007">
    <failure type="java.lang.AssertionError" message="null">
      <![CDATA[java.lang.AssertionError: null
at Grupingleval.Testng1.a(Testng1.java:13)
at java.base/java.util.ArrayList.forEach(ArrayList.java:1541)
... Removed 29 stack frames]]>
    </failure>
  </testcase> <!-- a -->
  <testcase classname="Grupingleval.Testng2" name="w" time="0.001">
    <failure type="java.lang.AssertionError" message="null">
      <![CDATA[java.lang.AssertionError: null
at Grupingleval.Testng2.w(Testng2.java:12)
at java.base/java.util.ArrayList.forEach(ArrayList.java:1541)
... Removed 29 stack frames]]>
    </failure>
  </testcase> <!-- w -->
  <testcase classname="Grupingleval.Testng1" name="c" time="0.0">
    <ignored/>
  </testcase> <!-- c -->
  <testcase classname="Grupingleval.Testng1" name="b" time="0.0">
    <ignored/>
  </testcase> <!-- b -->
  <testcase classname="Grupingleval.Testng1" name="d" time="0.0">
    <ignored/>
  </testcase> <!-- d -->
  <testcase classname="Grupingleval.Testng2" name="z" time="0.0">
    <ignored/>
  </testcase> <!-- z -->
  <testcase classname="Grupingleval.Testng2" name="x" time="0.0">
    <ignored/>
  </testcase> <!-- x -->
  <testcase classname="Grupingleval.Testng2" name="y" time="0.0">
    <ignored/>
  </testcase> <!-- y -->
</testsuite> <!-- Test(failed) -->
