<?xml version="1.0" encoding="UTF-8"?>
<testng-results ignored="0" total="1" passed="1" failed="0" skipped="0">
  <reporter-output>
    <line>
      <![CDATA[Launching browser]]>
    </line>
  </reporter-output>
  <suite started-at="2022-07-12T12:47:18 IST" name="Default suite" finished-at="2022-07-12T12:47:28 IST" duration-ms="9702">
    <groups>
    </groups>
    <test started-at="2022-07-12T12:47:18 IST" name="Default test" finished-at="2022-07-12T12:47:28 IST" duration-ms="9702">
      <class name="zeroda_validate_Excel.validate_new">
        <test-method is-config="true" signature="launchBrowser()[pri:0, instance:zeroda_validate_Excel.validate_new@7b36aa0c]" started-at="2022-07-12T12:47:18 IST" name="launchBrowser" finished-at="2022-07-12T12:47:25 IST" duration-ms="6396" status="PASS">
          <reporter-output>
            <line>
              <![CDATA[Launching browser]]>
            </line>
          </reporter-output>
        </test-method> <!-- launchBrowser -->
        <test-method is-config="true" signature="loginToKiteApp()[pri:0, instance:zeroda_validate_Excel.validate_new@7b36aa0c]" started-at="2022-07-12T12:47:25 IST" name="loginToKiteApp" finished-at="2022-07-12T12:47:26 IST" duration-ms="1113" status="PASS">
          <reporter-output>
          </reporter-output>
        </test-method> <!-- loginToKiteApp -->
        <test-method signature="validateUserID()[pri:0, instance:zeroda_validate_Excel.validate_new@7b36aa0c]" started-at="2022-07-12T12:47:26 IST" name="validateUserID" finished-at="2022-07-12T12:47:27 IST" duration-ms="1015" status="PASS">
          <reporter-output>
          </reporter-output>
        </test-method> <!-- validateUserID -->
        <test-method is-config="true" signature="logOutFromKite()[pri:0, instance:zeroda_validate_Excel.validate_new@7b36aa0c]" started-at="2022-07-12T12:47:27 IST" name="logOutFromKite" finished-at="2022-07-12T12:47:28 IST" duration-ms="1097" status="PASS">
          <reporter-output>
          </reporter-output>
        </test-method> <!-- logOutFromKite -->
      </class> <!-- zeroda_validate_Excel.validate_new -->
    </test> <!-- Default test -->
  </suite> <!-- Default suite -->
</testng-results>
