<?xml version="1.0" encoding="UTF-8"?>
<!-- Generated by org.testng.reporters.JUnitXMLReporter -->
<testsuite ignored="3" hostname="LAPTOP-2DOAJMG5" failures="0" tests="1" name="Test(failed)(failed)(failed)" time="0.043" errors="0" timestamp="2022-06-24T14:19:54 IST">
  <testcase classname="Grupingleval.Testng2" name="w" time="0.007"/>
  <testcase classname="Grupingleval.Testng2" name="z" time="0.0">
    <ignored/>
  </testcase> <!-- z -->
  <testcase classname="Grupingleval.Testng2" name="x" time="0.0">
    <ignored/>
  </testcase> <!-- x -->
  <testcase classname="Grupingleval.Testng2" name="y" time="0.0">
    <ignored/>
  </testcase> <!-- y -->
</testsuite> <!-- Test(failed)(failed)(failed) -->
